<?xml version="1.0" encoding="UTF-8"?>
<!-- Generated by org.testng.reporters.JUnitReportReporter -->
<testsuite hostname="LAPTOP-3NF8IEEM" failures="0" tests="1" name="TestNG.CopyPaste" time="0.747" errors="0" timestamp="2024-02-21T09:42:57 IST" skipped="0">
  <testcase classname="TestNG.CopyPaste" name="copyPaseActions" time="0.747"/>
  <system-out/>
</testsuite> <!-- TestNG.CopyPaste -->
