<?xml version="1.0" encoding="UTF-8"?>
<!-- Generated by org.testng.reporters.JUnitReportReporter -->
<testsuite hostname="LAPTOP-3NF8IEEM" failures="0" tests="1" name="Testpkg.FbLoginTest" time="0.330" errors="0" timestamp="2024-03-06T10:08:31 IST" skipped="0">
  <testcase classname="Testpkg.FbLoginTest" name="loginTest" time="0.330"/>
  <system-out/>
</testsuite> <!-- Testpkg.FbLoginTest -->
