<?xml version="1.0" encoding="UTF-8"?>
<!-- Generated by org.testng.reporters.JUnitReportReporter -->
<testsuite hostname="LAPTOP-3NF8IEEM" failures="0" tests="1" name="TestNG.Ebay" time="6.722" errors="0" timestamp="2024-02-28T09:58:22 IST" skipped="0">
  <testcase classname="TestNG.Ebay" name="mouseOver" time="6.722"/>
  <system-out/>
</testsuite> <!-- TestNG.Ebay -->
