<?xml version="1.0" encoding="UTF-8"?>
<!-- Generated by org.testng.reporters.JUnitReportReporter -->
<testsuite hostname="LAPTOP-3NF8IEEM" failures="0" tests="1" name="TestNG.ScrollDown" time="7.754" errors="0" timestamp="2024-02-28T10:46:07 IST" skipped="0">
  <testcase classname="TestNG.ScrollDown" name="scrollDown" time="7.754"/>
  <system-out/>
</testsuite> <!-- TestNG.ScrollDown -->
