<?xml version="1.0" encoding="UTF-8"?>
<!-- Generated by org.testng.reporters.JUnitReportReporter -->
<testsuite hostname="LAPTOP-3NF8IEEM" failures="0" tests="1" name="TestNG.RightClick" time="0.479" errors="0" timestamp="2024-02-22T10:25:46 IST" skipped="0">
  <testcase classname="TestNG.RightClick" name="rightClick" time="0.479"/>
  <system-out/>
</testsuite> <!-- TestNG.RightClick -->
