<?xml version="1.0" encoding="UTF-8"?>
<!-- Generated by org.testng.reporters.JUnitReportReporter -->
<testsuite hostname="LAPTOP-3NF8IEEM" failures="0" tests="1" name="TestNG.DataDrivenFbLogin" time="29.460" errors="0" timestamp="2024-02-26T10:49:56 IST" skipped="0">
  <testcase classname="TestNG.DataDrivenFbLogin" name="dataDriven" time="29.460"/>
  <system-out/>
</testsuite> <!-- TestNG.DataDrivenFbLogin -->
