<?xml version="1.0" encoding="UTF-8"?>
<!-- Generated by org.testng.reporters.JUnitReportReporter -->
<testsuite hostname="LAPTOP-3NF8IEEM" failures="0" tests="1" name="TestNG.MultipleWindowHandler" time="7.593" errors="0" timestamp="2024-02-27T09:57:07 IST" skipped="0">
  <testcase classname="TestNG.MultipleWindowHandler" name="testing" time="7.593"/>
  <system-out/>
</testsuite> <!-- TestNG.MultipleWindowHandler -->
