<?xml version="1.0" encoding="UTF-8"?>
<!-- Generated by org.testng.reporters.JUnitReportReporter -->
<testsuite hostname="LAPTOP-3NF8IEEM" failures="0" tests="1" name="TestNG.AmazonTask" time="9.955" errors="0" timestamp="2024-02-28T18:32:41 IST" skipped="0">
  <testcase classname="TestNG.AmazonTask" name="search" time="9.955"/>
  <system-out/>
</testsuite> <!-- TestNG.AmazonTask -->
