<?xml version="1.0" encoding="UTF-8"?>
<!-- Generated by org.testng.reporters.JUnitReportReporter -->
<testsuite hostname="LAPTOP-3NF8IEEM" failures="0" tests="1" name="TestNG.IphoneTest" time="10.701" errors="0" timestamp="2024-02-28T18:34:17 IST" skipped="0">
  <testcase classname="TestNG.IphoneTest" name="search" time="10.701"/>
  <system-out/>
</testsuite> <!-- TestNG.IphoneTest -->
