<?xml version="1.0" encoding="UTF-8"?>
<!-- Generated by org.testng.reporters.JUnitReportReporter -->
<testsuite hostname="LAPTOP-3NF8IEEM" failures="0" tests="1" name="TestNG.FBtestNG" time="0.390" errors="0" timestamp="2024-02-20T10:22:00 IST" skipped="0">
  <testcase classname="TestNG.FBtestNG" name="test" time="0.390"/>
  <system-out/>
</testsuite> <!-- TestNG.FBtestNG -->
