<?xml version="1.0" encoding="UTF-8"?>
<!-- Generated by org.testng.reporters.JUnitReportReporter -->
<testsuite hostname="LAPTOP-3NF8IEEM" failures="0" tests="6" name="TestNG.RediffTestNG" time="5.665" errors="0" timestamp="2024-02-22T18:07:34 IST" skipped="0">
  <testcase classname="TestNG.RediffTestNG" name="titleVerification" time="0.524"/>
  <system-out/>
  <testcase classname="TestNG.RediffTestNG" name="logoVerification" time="0.584"/>
  <system-out/>
  <testcase classname="TestNG.RediffTestNG" name="buttonEnabled" time="0.719"/>
  <system-out/>
  <testcase classname="TestNG.RediffTestNG" name="fullnameLabel" time="0.548"/>
  <system-out/>
  <testcase classname="TestNG.RediffTestNG" name="contentVerification" time="0.581"/>
  <system-out/>
  <testcase classname="TestNG.RediffTestNG" name="buttonTextVerification" time="2.709"/>
  <system-out/>
</testsuite> <!-- TestNG.RediffTestNG -->
