<?xml version="1.0" encoding="UTF-8"?>
<!-- Generated by org.testng.reporters.JUnitReportReporter -->
<testsuite hostname="LAPTOP-3NF8IEEM" failures="0" tests="1" name="TestNG.DatePicker" time="3.537" errors="0" timestamp="2024-03-01T10:14:53 IST" skipped="0">
  <testcase classname="TestNG.DatePicker" name="datePick" time="3.537"/>
  <system-out/>
</testsuite> <!-- TestNG.DatePicker -->
