<?xml version="1.0" encoding="UTF-8"?>
<!-- Generated by org.testng.reporters.JUnitReportReporter -->
<testsuite hostname="LAPTOP-3NF8IEEM" failures="0" tests="5" name="TestNG.TestNGDemo" time="0.012" errors="0" timestamp="2024-02-15T18:29:25 IST" skipped="1">
  <testcase classname="TestNG.TestNGDemo" name="test2" time="0.008"/>
  <system-out/>
  <testcase classname="TestNG.TestNGDemo" name="test" time="0.002"/>
  <system-out/>
  <testcase classname="TestNG.TestNGDemo" name="test" time="0.001"/>
  <system-out/>
  <testcase classname="TestNG.TestNGDemo" name="test" time="0.001"/>
  <system-out/>
  <testcase classname="TestNG.TestNGDemo" name="test1">
    <skipped/>
  </testcase> <!-- test1 -->
  <system-out/>
</testsuite> <!-- TestNG.TestNGDemo -->
