<?xml version="1.0" encoding="UTF-8"?>
<!-- Generated by org.testng.reporters.JUnitReportReporter -->
<testsuite hostname="LAPTOP-3NF8IEEM" failures="0" tests="1" name="TestNG.FileUpload" time="0.442" errors="0" timestamp="2024-02-22T18:35:53 IST" skipped="0">
  <testcase classname="TestNG.FileUpload" name="selectFile" time="0.442"/>
  <system-out/>
</testsuite> <!-- TestNG.FileUpload -->
