<?xml version="1.0" encoding="UTF-8"?>
<!-- Generated by org.testng.reporters.JUnitReportReporter -->
<testsuite hostname="LAPTOP-3NF8IEEM" failures="0" tests="1" name="TestNG.TrivagoCheckIn" time="8.511" errors="0" timestamp="2024-03-01T10:54:19 IST" skipped="0">
  <testcase classname="TestNG.TrivagoCheckIn" name="datePick" time="8.511"/>
  <system-out/>
</testsuite> <!-- TestNG.TrivagoCheckIn -->
