<?xml version="1.0" encoding="UTF-8"?>
<!-- Generated by org.testng.reporters.JUnitReportReporter -->
<testsuite hostname="LAPTOP-3NF8IEEM" failures="0" tests="1" name="TestNG.AutomationExerciseTask" time="13.069" errors="0" timestamp="2024-02-29T10:16:52 IST" skipped="0">
  <testcase classname="TestNG.AutomationExerciseTask" name="operations" time="13.069"/>
  <system-out/>
</testsuite> <!-- TestNG.AutomationExerciseTask -->
