<?xml version="1.0" encoding="UTF-8"?>
<!-- Generated by org.testng.reporters.JUnitReportReporter -->
<testsuite hostname="LAPTOP-3NF8IEEM" failures="0" tests="2" name="TestNG.CrossBrowserDemo" time="5.331" errors="0" timestamp="2024-02-20T10:58:00 IST" skipped="0">
  <testcase classname="TestNG.CrossBrowserDemo" name="test" time="3.917"/>
  <system-out/>
  <testcase classname="TestNG.CrossBrowserDemo" name="test" time="1.414"/>
  <system-out/>
</testsuite> <!-- TestNG.CrossBrowserDemo -->
