<?xml version="1.0" encoding="UTF-8"?>
<!-- Generated by org.testng.reporters.JUnitReportReporter -->
<testsuite hostname="LAPTOP-3NF8IEEM" failures="0" tests="1" name="TestNG.JustdialPopup" time="41.216" errors="0" timestamp="2024-02-28T10:53:43 IST" skipped="0">
  <testcase classname="TestNG.JustdialPopup" name="popup" time="41.216"/>
  <system-out/>
</testsuite> <!-- TestNG.JustdialPopup -->
