<?xml version="1.0" encoding="UTF-8"?>
<!-- Generated by org.testng.reporters.JUnitReportReporter -->
<testsuite hostname="LAPTOP-3NF8IEEM" failures="0" tests="1" name="TestNG.DragAndDrop" time="1.574" errors="0" timestamp="2024-02-21T10:24:24 IST" skipped="0">
  <testcase classname="TestNG.DragAndDrop" name="dragAndDrop" time="1.574"/>
  <system-out/>
</testsuite> <!-- TestNG.DragAndDrop -->
