<?xml version="1.0" encoding="UTF-8"?>
<!-- Generated by org.testng.reporters.JUnitReportReporter -->
<testsuite hostname="LAPTOP-3NF8IEEM" failures="0" tests="1" name="TestNG.Parameterisation" time="0.012" errors="0" timestamp="2024-02-20T09:34:11 IST" skipped="0">
  <testcase classname="TestNG.Parameterisation" name="test" time="0.012"/>
  <system-out/>
</testsuite> <!-- TestNG.Parameterisation -->
