<?xml version="1.0" encoding="UTF-8"?>
<!-- Generated by org.testng.reporters.JUnitReportReporter -->
<testsuite hostname="LAPTOP-3NF8IEEM" failures="0" tests="1" name="TestNG.LoginAutomationExercise" time="10.521" errors="0" timestamp="2024-02-26T11:04:00 IST" skipped="0">
  <testcase classname="TestNG.LoginAutomationExercise" name="logIn" time="10.521"/>
  <system-out/>
</testsuite> <!-- TestNG.LoginAutomationExercise -->
