<?xml version="1.0" encoding="UTF-8"?>
<!-- Generated by org.testng.reporters.JUnitReportReporter -->
<testsuite hostname="LAPTOP-3NF8IEEM" failures="0" tests="1" name="TestNG.FileUploadUsingRobot" time="5.258" errors="0" timestamp="2024-02-23T09:47:46 IST" skipped="0">
  <testcase classname="TestNG.FileUploadUsingRobot" name="selectFile" time="5.258"/>
  <system-out/>
</testsuite> <!-- TestNG.FileUploadUsingRobot -->
